EPOCH = 1  
18.570392608642578
31.863018775611593
16.534445362084114
Reconstruction loss: 12.228196063794588
EPOCH = 2  
0.9160431027412415
0.7371955629342005
0.635052596552081
Reconstruction loss: 0.5654332149745827
EPOCH = 3  
0.345127671957016
0.31831244597030023
0.2937131878213553
Reconstruction loss: 0.2832210209853667
EPOCH = 4  
0.2492041289806366
0.2516939975910639
6621.507221090122
Reconstruction loss: 4794.244655041278
EPOCH = 5  
55.928218841552734
88.3745272689616
62.566281442391976
Reconstruction loss: 47.06311267580305
EPOCH = 6  
4.783259868621826
612.5737387117597
312.60372426906065
Reconstruction loss: 226.9191523599266
EPOCH = 7  
3.196347713470459
2.967100678832207
2.8353462957531548
Reconstruction loss: 2.383915886592148
EPOCH = 8  
0.8040716052055359
1.9982200276345436
1.8455666945110705
Reconstruction loss: 1.4923382560651106
EPOCH = 9  
0.476612389087677
0.6243277625130377
0.5280510242384506
Reconstruction loss: 0.47004592585832555
EPOCH = 10  
0.2312905341386795
5.760561388869965
3.0513597688219143
Reconstruction loss: 2.357520293163178
EPOCH = 11  
0.26852667331695557
0.230689858591229
0.21197335562299857
Reconstruction loss: 0.31664786830432434
EPOCH = 12  
0.28063103556632996
0.2611531323685833
0.20965253868012665
Reconstruction loss: 0.18957611398141186
EPOCH = 13  
0.11880958080291748
0.1155853349650333
1.8710639784729317
Reconstruction loss: 1.4192867871110602
EPOCH = 14  
0.1988229751586914
0.20630249439379655
0.18276289711453825
Reconstruction loss: 0.17195549293792337
EPOCH = 15  
0.12478188425302505
0.11387484423276487
0.2831545979535515
Reconstruction loss: 0.2508454000972267
EPOCH = 16  
0.12988945841789246
0.12170794003214268
0.11295441488135313
Reconstruction loss: 0.10813228706668195
EPOCH = 17  
0.09765293449163437
2.6431658057547134
1.4169858710088614
Reconstruction loss: 1.0671728023774643
EPOCH = 18  
0.13437595963478088
0.13214972045747167
0.12507919668034184
Reconstruction loss: 0.12069265186562574
EPOCH = 19  
0.10779614746570587
0.10181481119471723
0.09967431195176477
Reconstruction loss: 0.09814492235506388
EPOCH = 20  
0.08435458689928055
0.09074813974935943
0.9077271783708136
Reconstruction loss: 0.7071994049096466
EPOCH = 21  
0.16167773306369781
0.14425958274281292
0.13536545580896125
Reconstruction loss: 0.5906124119651048
EPOCH = 22  
0.4045369029045105
0.27671586825736455
0.22536222094275066
Reconstruction loss: 0.20130277417656176
EPOCH = 23  
0.13221266865730286
0.1221438258960781
0.11628269022179365
Reconstruction loss: 0.11284901136294344
EPOCH = 24  
0.10079938173294067
0.1005489316448681
0.09893670169227772
Reconstruction loss: 0.09763869150688774
EPOCH = 25  
0.09613724797964096
3.76679564498793
2.0399713106934403
Reconstruction loss: 1.5298554421233055
EPOCH = 26  
0.15915341675281525
0.1704669996636992
0.15805831471801748
Reconstruction loss: 0.15050989924292815
EPOCH = 27  
0.12601442635059357
0.11964369284843625
0.11566204355191012
Reconstruction loss: 0.11337797499913022
EPOCH = 28  
0.10094460844993591
0.1039134081046746
5.532055157933792
Reconstruction loss: 4.106149065886673
EPOCH = 29  
0.3030156195163727
0.34884980698112245
0.2943491631686712
Reconstruction loss: 0.26892760932445525
EPOCH = 30  
0.15650592744350433
0.17613034276640682
0.16037778327957583
Reconstruction loss: 0.15160533432225537
EPOCH = 31  
0.12777158617973328
0.12118533042125361
0.11790802506035639
Reconstruction loss: 0.11611554221775298
EPOCH = 32  
0.10870566219091415
0.10800903704913828
0.10647373300500335
Reconstruction loss: 0.10534987009557566
EPOCH = 33  
0.10414647310972214
0.10015333211243302
3.815392084835545
Reconstruction loss: 2.886268347481588
EPOCH = 34  
0.3108934164047241
0.2727498341782901
0.25449033362053175
Reconstruction loss: 0.23581875417017398
EPOCH = 35  
0.16679827868938446
0.1675773187541247
0.15275766457221945
Reconstruction loss: 0.14519151253135582
EPOCH = 36  
0.12680940330028534
0.1187053053863936
0.1162175238163508
Reconstruction loss: 0.1144929517839188
EPOCH = 37  
0.10156065225601196
6.75078361030423
860.0399450394249
Reconstruction loss: 627.1570110770186
EPOCH = 38  
23.39409828186035
46.90390400803159
27.72632100809519
Reconstruction loss: 21.160253818375725
EPOCH = 39  
2.478586196899414
2.6721419442901007
2.4701762553901783
Reconstruction loss: 2.331328806357276
EPOCH = 40  
0.6566464304924011
0.7865957789724812
0.8956617236460114
Reconstruction loss: 0.7829208819713808
EPOCH = 41  
0.30986231565475464
0.6329910753296376
0.49329904607438585
Reconstruction loss: 1.3796264522281805
EPOCH = 42  
0.38041865825653076
0.44362621861730983
0.34531099491693334
Reconstruction loss: 0.30972803803762994
EPOCH = 43  
0.16568629443645477
0.15761929168540373
0.14898646064335383
Reconstruction loss: 0.14314120959518548
EPOCH = 44  
0.11389293521642685
0.12093276783613043
0.11842713207751203
Reconstruction loss: 1.4418021688066927
EPOCH = 45  
0.9059256315231323
0.5273052541838399
0.4188448128130276
Reconstruction loss: 0.37210319675897296
EPOCH = 46  
0.20650532841682434
0.18626805504692484
0.17282639686538
Reconstruction loss: 0.17099054374641046
EPOCH = 47  
0.1436135321855545
0.13513231058477065
0.1312720769273892
Reconstruction loss: 0.12912175368769724
EPOCH = 48  
0.12444190680980682
0.11877743438891229
0.11674716070089575
Reconstruction loss: 0.11553496169192451
EPOCH = 49  
0.12156030535697937
0.10967232362614583
1.9521270115665474
Reconstruction loss: 1.483001417947891
EPOCH = 50  
0.22469353675842285
0.20788310790786538
0.19032658499412267
Reconstruction loss: 0.17925144916190242
EPOCH = 51  
0.13452090322971344
0.13463980133810408
0.1293501647864963
Reconstruction loss: 0.1265256131905362
